-------------------------------------------------------------------------------
Test set: com.hotelworks.entity.FoBillAdvanceTest
-------------------------------------------------------------------------------
Tests run: 3, Failures: 1, Errors: 0, Skipped: 0, Time elapsed: 0.077 s <<< FAILURE! -- in com.hotelworks.entity.FoBillAdvanceTest
com.hotelworks.entity.FoBillAdvanceTest.testSettlementStatusWithAdvances -- Time elapsed: 0.011 s <<< FAILURE!
org.opentest4j.AssertionFailedError: expected: <0> but was: <0.00>
	at org.junit.jupiter.api.AssertionFailureBuilder.build(AssertionFailureBuilder.java:151)
	at org.junit.jupiter.api.AssertionFailureBuilder.buildAndThrow(AssertionFailureBuilder.java:132)
	at org.junit.jupiter.api.AssertEquals.failNotEqual(AssertEquals.java:197)
	at org.junit.jupiter.api.AssertEquals.assertEquals(AssertEquals.java:182)
	at org.junit.jupiter.api.AssertEquals.assertEquals(AssertEquals.java:177)
	at org.junit.jupiter.api.Assertions.assertEquals(Assertions.java:1145)
	at com.hotelworks.entity.FoBillAdvanceTest.testSettlementStatusWithAdvances(FoBillAdvanceTest.java:67)
	at java.base/java.lang.reflect.Method.invoke(Method.java:569)
	at java.base/java.util.ArrayList.forEach(ArrayList.java:1511)
	at java.base/java.util.ArrayList.forEach(ArrayList.java:1511)

