<?xml version="1.0" encoding="UTF-8"?>
<testsuite xmlns:xsi="http://www.w3.org/2001/XMLSchema-instance" xsi:noNamespaceSchemaLocation="https://maven.apache.org/surefire/maven-surefire-plugin/xsd/surefire-test-report-3.0.xsd" version="3.0" name="com.hotelworks.service.ExpenseServiceFieldsTest" time="15.257" tests="2" errors="0" skipped="0" failures="0">
  <properties>
[...]
</properties>
  <testcase name="testCreateExpense_WithRoomAndFolio_ShouldSetAllFields" classname="com.hotelworks.service.ExpenseServiceFieldsTest" time="0.179">
    <system-out><![CDATA[23:52:09.976 [main] INFO org.springframework.test.context.support.AnnotationConfigContextLoaderUtils -- Could not detect default configuration classes for test class [com.hotelworks.service.ExpenseServiceFieldsTest]: ExpenseServiceFieldsTest does not declare any static, non-private, non-final, nested classes annotated with @Configuration.
23:52:10.119 [main] INFO org.springframework.boot.test.context.SpringBootTestContextBootstrapper -- Found @SpringBootConfiguration com.hotelworks.HotelManagementApplication for test class com.hotelworks.service.ExpenseServiceFieldsTest

  .   ____          _            __ _ _
 /\\ / ___'_ __ _ _(_)_ __  __ _ \ \ \ \
( ( )\___ | '_ | '_| | '_ \/ _` | \ \ \ \
 \\/  ___)| |_)| | | | | || (_| |  ) ) ) )
  '  |____| .__|_| |_|_| |_\__, | / / / /
 =========|_|==============|___/=/_/_/_/
 :: Spring Boot ::                (v3.2.0)

2025-10-12T23:52:10.665+05:30  INFO 16232 --- [           main] c.h.service.ExpenseServiceFieldsTest     : Starting ExpenseServiceFieldsTest using Java 17.0.15 with PID 16232 (started by SATHISH in D:\ashward\hotelmanager\hotelworks)
2025-10-12T23:52:10.667+05:30 DEBUG 16232 --- [           main] c.h.service.ExpenseServiceFieldsTest     : Running with Spring Boot v3.2.0, Spring v6.1.1
2025-10-12T23:52:10.669+05:30  INFO 16232 --- [           main] c.h.service.ExpenseServiceFieldsTest     : No active profile set, falling back to 1 default profile: "default"
2025-10-12T23:52:11.955+05:30  INFO 16232 --- [           main] .s.d.r.c.RepositoryConfigurationDelegate : Bootstrapping Spring Data JPA repositories in DEFAULT mode.
2025-10-12T23:52:12.160+05:30  INFO 16232 --- [           main] .s.d.r.c.RepositoryConfigurationDelegate : Finished Spring Data repository scanning in 194 ms. Found 27 JPA repository interfaces.
2025-10-12T23:52:14.306+05:30  INFO 16232 --- [           main] o.hibernate.jpa.internal.util.LogHelper  : HHH000204: Processing PersistenceUnitInfo [name: default]
2025-10-12T23:52:14.392+05:30  INFO 16232 --- [           main] org.hibernate.Version                    : HHH000412: Hibernate ORM core version 6.3.1.Final
2025-10-12T23:52:14.477+05:30  INFO 16232 --- [           main] o.h.c.internal.RegionFactoryInitiator    : HHH000026: Second-level cache disabled
2025-10-12T23:52:14.679+05:30  INFO 16232 --- [           main] o.s.o.j.p.SpringPersistenceUnitInfo      : No LoadTimeWeaver setup: ignoring JPA class transformer
2025-10-12T23:52:14.722+05:30  INFO 16232 --- [           main] com.zaxxer.hikari.HikariDataSource       : HikariPool-1 - Starting...
2025-10-12T23:52:15.228+05:30  INFO 16232 --- [           main] com.zaxxer.hikari.pool.HikariPool        : HikariPool-1 - Added connection com.mysql.cj.jdbc.ConnectionImpl@7c5c2b17
2025-10-12T23:52:15.231+05:30  INFO 16232 --- [           main] com.zaxxer.hikari.HikariDataSource       : HikariPool-1 - Start completed.
2025-10-12T23:52:15.308+05:30  WARN 16232 --- [           main] org.hibernate.orm.deprecation            : HHH90000025: MySQLDialect does not need to be specified explicitly using 'hibernate.dialect' (remove the property setting and it will be selected by default)
2025-10-12T23:52:16.930+05:30  INFO 16232 --- [           main] o.h.e.t.j.p.i.JtaPlatformInitiator       : HHH000489: No JTA platform available (set 'hibernate.transaction.jta.platform' to enable JTA platform integration)
2025-10-12T23:52:17.202+05:30  INFO 16232 --- [           main] j.LocalContainerEntityManagerFactoryBean : Initialized JPA EntityManagerFactory for persistence unit 'default'
2025-10-12T23:52:17.727+05:30  INFO 16232 --- [           main] o.s.d.j.r.query.QueryEnhancerFactory     : Hibernate is in classpath; If applicable, HQL parser will be used.
SendGrid initialized with API key: true
Created Room Charges account head
Created CGST account head
Created SGST account head
Hibernate: 
    select
        t1_0.tax_id 
    from
        taxation t1_0 
    where
        t1_0.tax_name=? 
    limit
        ?
Hibernate: 
    select
        t1_0.tax_id 
    from
        taxation t1_0 
    where
        t1_0.tax_name=? 
    limit
        ?
Audit data initialization completed
Hibernate: 
    select
        count(*) 
    from
        arrival_mode am1_0 
    where
        am1_0.id=?
Hibernate: 
    select
        count(*) 
    from
        arrival_mode am1_0 
    where
        am1_0.id=?
Hibernate: 
    select
        count(*) 
    from
        arrival_mode am1_0 
    where
        am1_0.id=?
Hibernate: 
    select
        count(*) 
    from
        arrival_mode am1_0 
    where
        am1_0.id=?
Hibernate: 
    select
        count(*) 
    from
        arrival_mode am1_0 
    where
        am1_0.id=?
Hibernate: 
    select
        h1_0.id,
        h1_0.created_at,
        h1_0.running_shift,
        h1_0.shift_date,
        h1_0.total_shift,
        h1_0.updated_at 
    from
        hmsystem h1_0 
    order by
        h1_0.id desc 
    limit
        1
2025-10-12T23:52:22.828+05:30  WARN 16232 --- [           main] JpaBaseConfiguration$JpaWebConfiguration : spring.jpa.open-in-view is enabled by default. Therefore, database queries may be performed during view rendering. Explicitly configure spring.jpa.open-in-view to disable this warning
2025-10-12T23:52:22.888+05:30  WARN 16232 --- [           main] .s.s.UserDetailsServiceAutoConfiguration : 

Using generated security password: f94e4024-45da-47b0-b689-20aa31edb5af

This generated password is for development use only. Your security configuration must be updated before running your application in production.

2025-10-12T23:52:23.869+05:30  INFO 16232 --- [           main] o.s.s.web.DefaultSecurityFilterChain     : Will secure any request with [org.springframework.security.web.session.DisableEncodeUrlFilter@62d9d684, org.springframework.security.web.context.request.async.WebAsyncManagerIntegrationFilter@34b58084, org.springframework.security.web.context.SecurityContextHolderFilter@39a22c8c, org.springframework.security.web.header.HeaderWriterFilter@41d2c03e, org.springframework.web.filter.CorsFilter@78436905, org.springframework.security.web.authentication.logout.LogoutFilter@4ec82627, com.hotelworks.security.JwtAuthenticationFilter@1934a7c1, org.springframework.security.web.savedrequest.RequestCacheAwareFilter@13ecfb04, org.springframework.security.web.servletapi.SecurityContextHolderAwareRequestFilter@4275ec8f, org.springframework.security.web.authentication.AnonymousAuthenticationFilter@7630471, org.springframework.security.web.session.SessionManagementFilter@6795bfdc, org.springframework.security.web.access.ExceptionTranslationFilter@1eb1e607, org.springframework.security.web.access.intercept.AuthorizationFilter@4e904542]
2025-10-12T23:52:24.822+05:30  INFO 16232 --- [           main] c.h.service.ExpenseServiceFieldsTest     : Started ExpenseServiceFieldsTest in 14.54 seconds (process running for 15.49)
]]></system-out>
  </testcase>
  <testcase name="testCreateExpense_WithoutOptionalFields_ShouldSetDefaults" classname="com.hotelworks.service.ExpenseServiceFieldsTest" time="0.021"/>
</testsuite>